The system is: Darwin - 17.7.0 - x86_64
Compiling the C compiler identification source file "CMakeCCompilerId.c" succeeded.
Compiler: /usr/bin/cc 
Build flags: ;-ffunction-sections;-fdata-sections;-fPIC;-m64
Id flags:  

The output was:
0


Compilation of the C compiler identification source "CMakeCCompilerId.c" produced "a.out"

The C compiler identification is AppleClang, found in "/Users/henrique/Documents/Dev/rust/pira/lib/piralib/target/debug/build/glfw-sys-139a8ce5d6c55e17/out/build/CMakeFiles/3.15.2/CompilerIdC/a.out"

Determining if the C compiler works passed with the following output:
Change Dir: /Users/henrique/Documents/Dev/rust/pira/lib/piralib/target/debug/build/glfw-sys-139a8ce5d6c55e17/out/build/CMakeFiles/CMakeTmp

Run Build Command(s):/usr/bin/make cmTC_3b2f8/fast && /Applications/Xcode.app/Contents/Developer/usr/bin/make -f CMakeFiles/cmTC_3b2f8.dir/build.make CMakeFiles/cmTC_3b2f8.dir/build
Building C object CMakeFiles/cmTC_3b2f8.dir/testCCompiler.c.o
/usr/bin/cc   -ffunction-sections -fdata-sections -fPIC -m64    -o CMakeFiles/cmTC_3b2f8.dir/testCCompiler.c.o   -c /Users/henrique/Documents/Dev/rust/pira/lib/piralib/target/debug/build/glfw-sys-139a8ce5d6c55e17/out/build/CMakeFiles/CMakeTmp/testCCompiler.c
Linking C executable cmTC_3b2f8
/usr/local/Cellar/cmake/3.15.2/bin/cmake -E cmake_link_script CMakeFiles/cmTC_3b2f8.dir/link.txt --verbose=1
/usr/bin/cc  -ffunction-sections -fdata-sections -fPIC -m64  -Wl,-search_paths_first -Wl,-headerpad_max_install_names   CMakeFiles/cmTC_3b2f8.dir/testCCompiler.c.o  -o cmTC_3b2f8 



Detecting C compiler ABI info compiled with the following output:
Change Dir: /Users/henrique/Documents/Dev/rust/pira/lib/piralib/target/debug/build/glfw-sys-139a8ce5d6c55e17/out/build/CMakeFiles/CMakeTmp

Run Build Command(s):/usr/bin/make cmTC_37f1d/fast && /Applications/Xcode.app/Contents/Developer/usr/bin/make -f CMakeFiles/cmTC_37f1d.dir/build.make CMakeFiles/cmTC_37f1d.dir/build
Building C object CMakeFiles/cmTC_37f1d.dir/CMakeCCompilerABI.c.o
/usr/bin/cc   -ffunction-sections -fdata-sections -fPIC -m64    -v -Wl,-v -o CMakeFiles/cmTC_37f1d.dir/CMakeCCompilerABI.c.o   -c /usr/local/Cellar/cmake/3.15.2/share/cmake/Modules/CMakeCCompilerABI.c
Apple LLVM version 10.0.0 (clang-1000.11.45.5)
Target: x86_64-apple-darwin17.7.0
Thread model: posix
InstalledDir: /Applications/Xcode.app/Contents/Developer/Toolchains/XcodeDefault.xctoolchain/usr/bin
clang: warning: -Wl,-v: 'linker' input unused [-Wunused-command-line-argument]
 "/Applications/Xcode.app/Contents/Developer/Toolchains/XcodeDefault.xctoolchain/usr/bin/clang" -cc1 -triple x86_64-apple-macosx10.13.0 -Wdeprecated-objc-isa-usage -Werror=deprecated-objc-isa-usage -emit-obj -mrelax-all -disable-free -disable-llvm-verifier -discard-value-names -main-file-name CMakeCCompilerABI.c -mrelocation-model pic -pic-level 2 -mthread-model posix -mdisable-fp-elim -fno-strict-return -masm-verbose -munwind-tables -target-cpu penryn -dwarf-column-info -debugger-tuning=lldb -target-linker-version 409.12 -v -ffunction-sections -fdata-sections -coverage-notes-file /Users/henrique/Documents/Dev/rust/pira/lib/piralib/target/debug/build/glfw-sys-139a8ce5d6c55e17/out/build/CMakeFiles/CMakeTmp/CMakeFiles/cmTC_37f1d.dir/CMakeCCompilerABI.c.gcno -resource-dir /Applications/Xcode.app/Contents/Developer/Toolchains/XcodeDefault.xctoolchain/usr/lib/clang/10.0.0 -fdebug-compilation-dir /Users/henrique/Documents/Dev/rust/pira/lib/piralib/target/debug/build/glfw-sys-139a8ce5d6c55e17/out/build/CMakeFiles/CMakeTmp -ferror-limit 19 -fmessage-length 0 -stack-protector 1 -fblocks -fencode-extended-block-signature -fobjc-runtime=macosx-10.13.0 -fmax-type-align=16 -fdiagnostics-show-option -o CMakeFiles/cmTC_37f1d.dir/CMakeCCompilerABI.c.o -x c /usr/local/Cellar/cmake/3.15.2/share/cmake/Modules/CMakeCCompilerABI.c
clang -cc1 version 10.0.0 (clang-1000.11.45.5) default target x86_64-apple-darwin17.7.0
#include "..." search starts here:
#include <...> search starts here:
 /usr/local/include
 /Applications/Xcode.app/Contents/Developer/Toolchains/XcodeDefault.xctoolchain/usr/lib/clang/10.0.0/include
 /Applications/Xcode.app/Contents/Developer/Toolchains/XcodeDefault.xctoolchain/usr/include
 /usr/include
 /System/Library/Frameworks (framework directory)
 /Library/Frameworks (framework directory)
End of search list.
Linking C executable cmTC_37f1d
/usr/local/Cellar/cmake/3.15.2/bin/cmake -E cmake_link_script CMakeFiles/cmTC_37f1d.dir/link.txt --verbose=1
/usr/bin/cc  -ffunction-sections -fdata-sections -fPIC -m64  -Wl,-search_paths_first -Wl,-headerpad_max_install_names  -v -Wl,-v CMakeFiles/cmTC_37f1d.dir/CMakeCCompilerABI.c.o  -o cmTC_37f1d 
Apple LLVM version 10.0.0 (clang-1000.11.45.5)
Target: x86_64-apple-darwin17.7.0
Thread model: posix
InstalledDir: /Applications/Xcode.app/Contents/Developer/Toolchains/XcodeDefault.xctoolchain/usr/bin
 "/Applications/Xcode.app/Contents/Developer/Toolchains/XcodeDefault.xctoolchain/usr/bin/ld" -demangle -lto_library /Applications/Xcode.app/Contents/Developer/Toolchains/XcodeDefault.xctoolchain/usr/lib/libLTO.dylib -dynamic -arch x86_64 -macosx_version_min 10.13.0 -o cmTC_37f1d -search_paths_first -headerpad_max_install_names -v CMakeFiles/cmTC_37f1d.dir/CMakeCCompilerABI.c.o -lSystem /Applications/Xcode.app/Contents/Developer/Toolchains/XcodeDefault.xctoolchain/usr/lib/clang/10.0.0/lib/darwin/libclang_rt.osx.a
@(#)PROGRAM:ld  PROJECT:ld64-409.12
BUILD 17:47:51 Sep 25 2018
configured to support archs: armv6 armv7 armv7s arm64 i386 x86_64 x86_64h armv6m armv7k armv7m armv7em arm64e arm64_32
Library search paths:
	/usr/lib
	/usr/local/lib
Framework search paths:
	/Library/Frameworks/
	/System/Library/Frameworks/



Parsed C implicit include dir info from above output: rv=done
  found start of include info
  found start of implicit include info
    add: [/usr/local/include]
    add: [/Applications/Xcode.app/Contents/Developer/Toolchains/XcodeDefault.xctoolchain/usr/lib/clang/10.0.0/include]
    add: [/Applications/Xcode.app/Contents/Developer/Toolchains/XcodeDefault.xctoolchain/usr/include]
    add: [/usr/include]
  end of search list found
  collapse include dir [/usr/local/include] ==> [/usr/local/include]
  collapse include dir [/Applications/Xcode.app/Contents/Developer/Toolchains/XcodeDefault.xctoolchain/usr/lib/clang/10.0.0/include] ==> [/Applications/Xcode.app/Contents/Developer/Toolchains/XcodeDefault.xctoolchain/usr/lib/clang/10.0.0/include]
  collapse include dir [/Applications/Xcode.app/Contents/Developer/Toolchains/XcodeDefault.xctoolchain/usr/include] ==> [/Applications/Xcode.app/Contents/Developer/Toolchains/XcodeDefault.xctoolchain/usr/include]
  collapse include dir [/usr/include] ==> [/usr/include]
  implicit include dirs: [/usr/local/include;/Applications/Xcode.app/Contents/Developer/Toolchains/XcodeDefault.xctoolchain/usr/lib/clang/10.0.0/include;/Applications/Xcode.app/Contents/Developer/Toolchains/XcodeDefault.xctoolchain/usr/include;/usr/include]


Parsed C implicit link information from above output:
  link line regex: [^( *|.*[/\])(ld|CMAKE_LINK_STARTFILE-NOTFOUND|([^/\]+-)?ld|collect2)[^/\]*( |$)]
  ignore line: [Change Dir: /Users/henrique/Documents/Dev/rust/pira/lib/piralib/target/debug/build/glfw-sys-139a8ce5d6c55e17/out/build/CMakeFiles/CMakeTmp]
  ignore line: []
  ignore line: [Run Build Command(s):/usr/bin/make cmTC_37f1d/fast && /Applications/Xcode.app/Contents/Developer/usr/bin/make -f CMakeFiles/cmTC_37f1d.dir/build.make CMakeFiles/cmTC_37f1d.dir/build]
  ignore line: [Building C object CMakeFiles/cmTC_37f1d.dir/CMakeCCompilerABI.c.o]
  ignore line: [/usr/bin/cc   -ffunction-sections -fdata-sections -fPIC -m64    -v -Wl,-v -o CMakeFiles/cmTC_37f1d.dir/CMakeCCompilerABI.c.o   -c /usr/local/Cellar/cmake/3.15.2/share/cmake/Modules/CMakeCCompilerABI.c]
  ignore line: [Apple LLVM version 10.0.0 (clang-1000.11.45.5)]
  ignore line: [Target: x86_64-apple-darwin17.7.0]
  ignore line: [Thread model: posix]
  ignore line: [InstalledDir: /Applications/Xcode.app/Contents/Developer/Toolchains/XcodeDefault.xctoolchain/usr/bin]
  ignore line: [clang: warning: -Wl,-v: 'linker' input unused [-Wunused-command-line-argument]]
  ignore line: [ "/Applications/Xcode.app/Contents/Developer/Toolchains/XcodeDefault.xctoolchain/usr/bin/clang" -cc1 -triple x86_64-apple-macosx10.13.0 -Wdeprecated-objc-isa-usage -Werror=deprecated-objc-isa-usage -emit-obj -mrelax-all -disable-free -disable-llvm-verifier -discard-value-names -main-file-name CMakeCCompilerABI.c -mrelocation-model pic -pic-level 2 -mthread-model posix -mdisable-fp-elim -fno-strict-return -masm-verbose -munwind-tables -target-cpu penryn -dwarf-column-info -debugger-tuning=lldb -target-linker-version 409.12 -v -ffunction-sections -fdata-sections -coverage-notes-file /Users/henrique/Documents/Dev/rust/pira/lib/piralib/target/debug/build/glfw-sys-139a8ce5d6c55e17/out/build/CMakeFiles/CMakeTmp/CMakeFiles/cmTC_37f1d.dir/CMakeCCompilerABI.c.gcno -resource-dir /Applications/Xcode.app/Contents/Developer/Toolchains/XcodeDefault.xctoolchain/usr/lib/clang/10.0.0 -fdebug-compilation-dir /Users/henrique/Documents/Dev/rust/pira/lib/piralib/target/debug/build/glfw-sys-139a8ce5d6c55e17/out/build/CMakeFiles/CMakeTmp -ferror-limit 19 -fmessage-length 0 -stack-protector 1 -fblocks -fencode-extended-block-signature -fobjc-runtime=macosx-10.13.0 -fmax-type-align=16 -fdiagnostics-show-option -o CMakeFiles/cmTC_37f1d.dir/CMakeCCompilerABI.c.o -x c /usr/local/Cellar/cmake/3.15.2/share/cmake/Modules/CMakeCCompilerABI.c]
  ignore line: [clang -cc1 version 10.0.0 (clang-1000.11.45.5) default target x86_64-apple-darwin17.7.0]
  ignore line: [#include "..." search starts here:]
  ignore line: [#include <...> search starts here:]
  ignore line: [ /usr/local/include]
  ignore line: [ /Applications/Xcode.app/Contents/Developer/Toolchains/XcodeDefault.xctoolchain/usr/lib/clang/10.0.0/include]
  ignore line: [ /Applications/Xcode.app/Contents/Developer/Toolchains/XcodeDefault.xctoolchain/usr/include]
  ignore line: [ /usr/include]
  ignore line: [ /System/Library/Frameworks (framework directory)]
  ignore line: [ /Library/Frameworks (framework directory)]
  ignore line: [End of search list.]
  ignore line: [Linking C executable cmTC_37f1d]
  ignore line: [/usr/local/Cellar/cmake/3.15.2/bin/cmake -E cmake_link_script CMakeFiles/cmTC_37f1d.dir/link.txt --verbose=1]
  ignore line: [/usr/bin/cc  -ffunction-sections -fdata-sections -fPIC -m64  -Wl,-search_paths_first -Wl,-headerpad_max_install_names  -v -Wl,-v CMakeFiles/cmTC_37f1d.dir/CMakeCCompilerABI.c.o  -o cmTC_37f1d ]
  ignore line: [Apple LLVM version 10.0.0 (clang-1000.11.45.5)]
  ignore line: [Target: x86_64-apple-darwin17.7.0]
  ignore line: [Thread model: posix]
  ignore line: [InstalledDir: /Applications/Xcode.app/Contents/Developer/Toolchains/XcodeDefault.xctoolchain/usr/bin]
  link line: [ "/Applications/Xcode.app/Contents/Developer/Toolchains/XcodeDefault.xctoolchain/usr/bin/ld" -demangle -lto_library /Applications/Xcode.app/Contents/Developer/Toolchains/XcodeDefault.xctoolchain/usr/lib/libLTO.dylib -dynamic -arch x86_64 -macosx_version_min 10.13.0 -o cmTC_37f1d -search_paths_first -headerpad_max_install_names -v CMakeFiles/cmTC_37f1d.dir/CMakeCCompilerABI.c.o -lSystem /Applications/Xcode.app/Contents/Developer/Toolchains/XcodeDefault.xctoolchain/usr/lib/clang/10.0.0/lib/darwin/libclang_rt.osx.a]
    arg [/Applications/Xcode.app/Contents/Developer/Toolchains/XcodeDefault.xctoolchain/usr/bin/ld] ==> ignore
    arg [-demangle] ==> ignore
    arg [-lto_library] ==> ignore, skip following value
    arg [/Applications/Xcode.app/Contents/Developer/Toolchains/XcodeDefault.xctoolchain/usr/lib/libLTO.dylib] ==> skip value of -lto_library
    arg [-dynamic] ==> ignore
    arg [-arch] ==> ignore
    arg [x86_64] ==> ignore
    arg [-macosx_version_min] ==> ignore
    arg [10.13.0] ==> ignore
    arg [-o] ==> ignore
    arg [cmTC_37f1d] ==> ignore
    arg [-search_paths_first] ==> ignore
    arg [-headerpad_max_install_names] ==> ignore
    arg [-v] ==> ignore
    arg [CMakeFiles/cmTC_37f1d.dir/CMakeCCompilerABI.c.o] ==> ignore
    arg [-lSystem] ==> lib [System]
    arg [/Applications/Xcode.app/Contents/Developer/Toolchains/XcodeDefault.xctoolchain/usr/lib/clang/10.0.0/lib/darwin/libclang_rt.osx.a] ==> lib [/Applications/Xcode.app/Contents/Developer/Toolchains/XcodeDefault.xctoolchain/usr/lib/clang/10.0.0/lib/darwin/libclang_rt.osx.a]
  Library search paths: [;/usr/lib;/usr/local/lib]
  Framework search paths: [;/Library/Frameworks/;/System/Library/Frameworks/]
  remove lib [System]
  remove lib [/Applications/Xcode.app/Contents/Developer/Toolchains/XcodeDefault.xctoolchain/usr/lib/clang/10.0.0/lib/darwin/libclang_rt.osx.a]
  collapse library dir [/usr/lib] ==> [/usr/lib]
  collapse library dir [/usr/local/lib] ==> [/usr/local/lib]
  collapse framework dir [/Library/Frameworks/] ==> [/Library/Frameworks]
  collapse framework dir [/System/Library/Frameworks/] ==> [/System/Library/Frameworks]
  implicit libs: []
  implicit dirs: [/usr/lib;/usr/local/lib]
  implicit fwks: [/Library/Frameworks;/System/Library/Frameworks]


Determining if the include file pthread.h exists passed with the following output:
Change Dir: /Users/henrique/Documents/Dev/rust/pira/lib/piralib/target/debug/build/glfw-sys-139a8ce5d6c55e17/out/build/CMakeFiles/CMakeTmp

Run Build Command(s):/usr/bin/make cmTC_841a4/fast && /Applications/Xcode.app/Contents/Developer/usr/bin/make -f CMakeFiles/cmTC_841a4.dir/build.make CMakeFiles/cmTC_841a4.dir/build
Building C object CMakeFiles/cmTC_841a4.dir/CheckIncludeFile.c.o
/usr/bin/cc   -ffunction-sections -fdata-sections -fPIC -m64    -o CMakeFiles/cmTC_841a4.dir/CheckIncludeFile.c.o   -c /Users/henrique/Documents/Dev/rust/pira/lib/piralib/target/debug/build/glfw-sys-139a8ce5d6c55e17/out/build/CMakeFiles/CMakeTmp/CheckIncludeFile.c
Linking C executable cmTC_841a4
/usr/local/Cellar/cmake/3.15.2/bin/cmake -E cmake_link_script CMakeFiles/cmTC_841a4.dir/link.txt --verbose=1
/usr/bin/cc  -ffunction-sections -fdata-sections -fPIC -m64  -Wl,-search_paths_first -Wl,-headerpad_max_install_names   CMakeFiles/cmTC_841a4.dir/CheckIncludeFile.c.o  -o cmTC_841a4 



Performing C SOURCE FILE Test CMAKE_HAVE_LIBC_PTHREAD succeeded with the following output:
Change Dir: /Users/henrique/Documents/Dev/rust/pira/lib/piralib/target/debug/build/glfw-sys-139a8ce5d6c55e17/out/build/CMakeFiles/CMakeTmp

Run Build Command(s):/usr/bin/make cmTC_e834b/fast && /Applications/Xcode.app/Contents/Developer/usr/bin/make -f CMakeFiles/cmTC_e834b.dir/build.make CMakeFiles/cmTC_e834b.dir/build
Building C object CMakeFiles/cmTC_e834b.dir/src.c.o
/usr/bin/cc   -ffunction-sections -fdata-sections -fPIC -m64 -DCMAKE_HAVE_LIBC_PTHREAD   -o CMakeFiles/cmTC_e834b.dir/src.c.o   -c /Users/henrique/Documents/Dev/rust/pira/lib/piralib/target/debug/build/glfw-sys-139a8ce5d6c55e17/out/build/CMakeFiles/CMakeTmp/src.c
Linking C executable cmTC_e834b
/usr/local/Cellar/cmake/3.15.2/bin/cmake -E cmake_link_script CMakeFiles/cmTC_e834b.dir/link.txt --verbose=1
/usr/bin/cc  -ffunction-sections -fdata-sections -fPIC -m64 -DCMAKE_HAVE_LIBC_PTHREAD -Wl,-search_paths_first -Wl,-headerpad_max_install_names   CMakeFiles/cmTC_e834b.dir/src.c.o  -o cmTC_e834b 


Source file was:
#include <pthread.h>

void* test_func(void* data)
{
  return data;
}

int main(void)
{
  pthread_t thread;
  pthread_create(&thread, NULL, test_func, NULL);
  pthread_detach(thread);
  pthread_join(thread, NULL);
  pthread_atfork(NULL, NULL, NULL);
  pthread_exit(NULL);

  return 0;
}

